0 info it worked if it ends with ok
1 verbose cli [ '/Users/trev_jos/.nvm/v4.1.1/bin/node',
1 verbose cli   '/Users/trev_jos/.nvm/v4.1.1/bin/npm',
1 verbose cli   'start' ]
2 info using npm@3.5.3
3 info using node@v4.1.1
4 verbose run-script [ 'prestart', 'start', 'poststart' ]
5 info lifecycle async-await@1.0.0~prestart: async-await@1.0.0
6 silly lifecycle async-await@1.0.0~prestart: no script for prestart, continuing
7 info lifecycle async-await@1.0.0~start: async-await@1.0.0
8 verbose lifecycle async-await@1.0.0~start: unsafe-perm in lifecycle true
9 verbose lifecycle async-await@1.0.0~start: PATH: /Users/trev_jos/.nvm/v4.1.1/lib/node_modules/npm/bin/node-gyp-bin:/Applications/node/play/async-await/node_modules/.bin:/Users/trev_jos/.nvm/v4.1.1/bin:/usr/bin:/bin:/usr/sbin:/sbin:/usr/local/bin
10 verbose lifecycle async-await@1.0.0~start: CWD: /Applications/node/play/async-await
11 silly lifecycle async-await@1.0.0~start: Args: [ '-c', 'node --harmony-async-await index.js' ]
12 silly lifecycle async-await@1.0.0~start: Returned: code: 9  signal: null
13 info lifecycle async-await@1.0.0~start: Failed to exec start script
14 verbose stack Error: async-await@1.0.0 start: `node --harmony-async-await index.js`
14 verbose stack Exit status 9
14 verbose stack     at EventEmitter.<anonymous> (/Users/trev_jos/.nvm/v4.1.1/lib/node_modules/npm/lib/utils/lifecycle.js:232:16)
14 verbose stack     at emitTwo (events.js:87:13)
14 verbose stack     at EventEmitter.emit (events.js:172:7)
14 verbose stack     at ChildProcess.<anonymous> (/Users/trev_jos/.nvm/v4.1.1/lib/node_modules/npm/lib/utils/spawn.js:24:14)
14 verbose stack     at emitTwo (events.js:87:13)
14 verbose stack     at ChildProcess.emit (events.js:172:7)
14 verbose stack     at maybeClose (internal/child_process.js:817:16)
14 verbose stack     at Process.ChildProcess._handle.onexit (internal/child_process.js:211:5)
15 verbose pkgid async-await@1.0.0
16 verbose cwd /Applications/node/play/async-await
17 error Darwin 16.3.0
18 error argv "/Users/trev_jos/.nvm/v4.1.1/bin/node" "/Users/trev_jos/.nvm/v4.1.1/bin/npm" "start"
19 error node v4.1.1
20 error npm  v3.5.3
21 error code ELIFECYCLE
22 error async-await@1.0.0 start: `node --harmony-async-await index.js`
22 error Exit status 9
23 error Failed at the async-await@1.0.0 start script 'node --harmony-async-await index.js'.
23 error Make sure you have the latest version of node.js and npm installed.
23 error If you do, this is most likely a problem with the async-await package,
23 error not with npm itself.
23 error Tell the author that this fails on your system:
23 error     node --harmony-async-await index.js
23 error You can get information on how to open an issue for this project with:
23 error     npm bugs async-await
23 error Or if that isn't available, you can get their info via:
23 error     npm owner ls async-await
23 error There is likely additional logging output above.
24 verbose exit [ 1, true ]
